<?xml version="1.0" encoding="UTF-8"?>
<!-- Generated by org.testng.reporters.JUnitXMLReporter -->
<testsuite ignored="0" hostname="LAPTOP-IH6E9MU2" failures="0" tests="1" name="Test" time="0.029" errors="0" timestamp="30 Dec 2019 07:32:57 GMT">
  <testcase classname="com.orangehrm.TestCases.loginTestPages" name="@BeforeSuite setUp" time="0.207">
    <failure type="java.lang.IllegalStateException" message="The driver executable does not exist: F:\Tests\OrangeHRM\TestsOrangeHRMDriverchromedriver.exe">
      <![CDATA[java.lang.IllegalStateException: The driver executable does not exist: F:\Tests\OrangeHRM\TestsOrangeHRMDriverchromedriver.exe
at com.google.common.base.Preconditions.checkState(Preconditions.java:585)
at org.openqa.selenium.remote.service.DriverService.checkExecutable(DriverService.java:146)
at org.openqa.selenium.remote.service.DriverService.findExecutable(DriverService.java:141)
at org.openqa.selenium.chrome.ChromeDriverService.access$000(ChromeDriverService.java:35)
at org.openqa.selenium.chrome.ChromeDriverService$Builder.findDefaultExecutable(ChromeDriverService.java:159)
at org.openqa.selenium.remote.service.DriverService$Builder.build(DriverService.java:355)
at org.openqa.selenium.chrome.ChromeDriverService.createDefaultService(ChromeDriverService.java:94)
at org.openqa.selenium.chrome.ChromeDriver.<init>(ChromeDriver.java:123)
at Com.qa.TestBaseDemo.Testbase.initialization(Testbase.java:35)
at com.orangehrm.TestCases.loginTestPages.setUp(loginTestPages.java:21)
... Removed 20 stack frames]]>
    </failure>
  </testcase> <!-- @BeforeSuite setUp -->
  <testcase classname="com.orangehrm.TestCases.loginTestPages" name="verifyTitleTest" time="0.0">
    <skipped/>
  </testcase> <!-- verifyTitleTest -->
</testsuite> <!-- Test -->
